WARNING:root:A 0 comes out.
INFO:root:A - comes out.
INFO:root:A - comes out.
INFO:root:A - comes out.
ERROR:root:A x comes out.
ERROR:root:A 
 comes out.
WARNING:root:A 0 comes out.
ERROR:root:A x comes out.
ERROR:root:A 
 comes out.
WARNING:root:A 0 comes out.
ERROR:root:A x comes out.
ERROR:root:A 
 comes out.
WARNING:root:A 0 comes out.
INFO:root:A - comes out.
INFO:root:A - comes out.
INFO:root:A - comes out.
ERROR:root:A x comes out.
ERROR:root:A 
 comes out.
WARNING:root:A 0 comes out.
INFO:root:A - comes out.
INFO:root:A - comes out.
INFO:root:A - comes out.
ERROR:root:A x comes outabc.
ERROR:root:A 
 comes out.
WARNING:root:A 0 comes out.
INFO:root:A - comes out.
INFO:root:A - comes out.
INFO:root:A - comes out.
ERROR:root:A x comes outabc.
ERROR:root:A 
 comes outabc.
WARNING:root:A 0 comes out.
INFO:root:A - comes out.
INFO:root:A - comes out.
INFO:root:A - comes out.
ERROR:root:A x comes outabc.
ERROR:root:A 
 comes out.
WARNING:root:A 0 comes out.
INFO:root:A - comes out.
INFO:root:A - comes out.
INFO:root:A - comes out.
ERROR:root:A x comes outabc.
ERROR:root:A 
 comes out.
WARNING:root:A 0 comes out.
INFO:root:A - comes out.
INFO:root:A - comes out.
INFO:root:A - comes out.
ERROR:root:A x comes outabc.
ERROR:root:A 
 comes out.
WARNING:root:A 0 comes out.
INFO:root:A - comes out.
INFO:root:A - comes out.
INFO:root:A - comes out.
ERROR:root:A x comes outabc.
ERROR:root:A 
 comes out.
WARNING:root:A 0 comes out.
INFO:root:A - comes out.
INFO:root:A - comes out.
INFO:root:A - comes out.
ERROR:root:A x comes outabc.
ERROR:root:A 
 comes out.
WARNING:root:A 0 comes out.
INFO:root:A - comes out.
INFO:root:A - comes out.
INFO:root:A - comes out.
ERROR:root:A x comes outabc.
ERROR:root:A 
 comes out.
WARNING:root:A 0 comes out.
INFO:root:A - comes out.
INFO:root:A - comes out.
INFO:root:A - comes out.
ERROR:root:A x comes outabc.
